cl : command line warning D9002: ignoring unknown option '/arch:SSE2'
cl : command line warning D9002: ignoring unknown option '/arch:SSE2'
  autofit.c
cl : command line warning D9002: ignoring unknown option '/arch:SSE2'
  ftbase.c
cl : command line warning D9002: ignoring unknown option '/arch:SSE2'
  ftbbox.c
cl : command line warning D9002: ignoring unknown option '/arch:SSE2'
  ftbdf.c
cl : command line warning D9002: ignoring unknown option '/arch:SSE2'
cl : command line warning D9002: ignoring unknown option '/arch:SSE2'
  ftbitmap.c
  ftcid.c
cl : command line warning D9002: ignoring unknown option '/arch:SSE2'
cl : command line warning D9002: ignoring unknown option '/arch:SSE2'
cl : command line warning D9002: ignoring unknown option '/arch:SSE2'
cl : command line warning D9002: ignoring unknown option '/arch:SSE2'
  ftfstype.c
  ftgasp.c
  ftglyph.c
  ftgxval.c
cl : command line warning D9002: ignoring unknown option '/arch:SSE2'
  ftinit.c
cl : command line warning D9002: ignoring unknown option '/arch:SSE2'
  ftmm.c
  ftotval.c
  ftpatent.c
  ftpfr.c
  ftstroke.c
  ftsynth.c
  ftsystem.c
  fttype1.c
  ftwinfnt.c
  bdf.c
  ftcache.c
  cff.c
  type1cid.c
  ftgzip.c
  ftlzw.c
C:\Users\Sam\source\repos\Light\Lightbulb\lib\freetype\src\base\ftstroke.c(1022): warning C4701: potentially uninitialized local variable 'sigma' used
C:\Users\Sam\source\repos\Light\Lightbulb\lib\freetype\src\base\ftstroke.c(1117): warning C4701: potentially uninitialized local variable 'sigma' used
  pcf.c
  pfr.c
  psaux.c
  pshinter.c
  psmodule.c
  raster.c
  sfnt.c
  smooth.c
  truetype.c
C:\Users\Sam\source\repos\Light\Lightbulb\lib\freetype\src\psaux\psintrp.c(1005,29): warning C4267: '=': conversion from 'size_t' to 'FT_Fast', possible loss of data (compiling source file ..\..\..\src\psaux\psaux.c)
  type1.c
  type42.c
C:\Users\Sam\source\repos\Light\Lightbulb\lib\freetype\src\type1\t1driver.c(277,51): warning C4267: '=': conversion from 'size_t' to 'FT_ULong', possible loss of data (compiling source file ..\..\..\src\type1\type1.c)
C:\Users\Sam\source\repos\Light\Lightbulb\lib\freetype\src\type1\t1driver.c(298,58): warning C4267: '=': conversion from 'size_t' to 'FT_ULong', possible loss of data (compiling source file ..\..\..\src\type1\type1.c)
C:\Users\Sam\source\repos\Light\Lightbulb\lib\freetype\src\sfnt\sfdriver.c(860,32): warning C4267: '=': conversion from 'size_t' to 'FT_UInt', possible loss of data (compiling source file ..\..\..\src\sfnt\sfnt.c)
C:\Users\Sam\source\repos\Light\Lightbulb\lib\freetype\src\sfnt\sfdriver.c(1011,44): warning C4244: 'function': conversion from '__int64' to 'const unsigned int', possible loss of data (compiling source file ..\..\..\src\sfnt\sfnt.c)
C:\Users\Sam\source\repos\Light\Lightbulb\lib\freetype\src\type1\t1driver.c(330,65): warning C4267: '=': conversion from 'size_t' to 'FT_ULong', possible loss of data (compiling source file ..\..\..\src\type1\type1.c)
C:\Users\Sam\source\repos\Light\Lightbulb\lib\freetype\src\type1\t1driver.c(360,23): warning C4267: '=': conversion from 'size_t' to 'FT_UInt', possible loss of data (compiling source file ..\..\..\src\type1\type1.c)
C:\Users\Sam\source\repos\Light\Lightbulb\lib\freetype\src\type1\t1driver.c(569,59): warning C4267: '=': conversion from 'size_t' to 'FT_ULong', possible loss of data (compiling source file ..\..\..\src\type1\type1.c)
C:\Users\Sam\source\repos\Light\Lightbulb\lib\freetype\src\type1\t1driver.c(578,58): warning C4267: '=': conversion from 'size_t' to 'FT_ULong', possible loss of data (compiling source file ..\..\..\src\type1\type1.c)
C:\Users\Sam\source\repos\Light\Lightbulb\lib\freetype\src\type1\t1driver.c(587,61): warning C4267: '=': conversion from 'size_t' to 'FT_ULong', possible loss of data (compiling source file ..\..\..\src\type1\type1.c)
C:\Users\Sam\source\repos\Light\Lightbulb\lib\freetype\src\type1\t1driver.c(596,63): warning C4267: '=': conversion from 'size_t' to 'FT_ULong', possible loss of data (compiling source file ..\..\..\src\type1\type1.c)
C:\Users\Sam\source\repos\Light\Lightbulb\lib\freetype\src\type1\t1driver.c(606,58): warning C4267: '=': conversion from 'size_t' to 'FT_ULong', possible loss of data (compiling source file ..\..\..\src\type1\type1.c)
C:\Users\Sam\source\repos\Light\Lightbulb\lib\freetype\src\type1\t1load.c(1761,68): warning C4244: '=': conversion from '__int64' to 'FT_Int', possible loss of data (compiling source file ..\..\..\src\type1\type1.c)
C:\Users\Sam\source\repos\Light\Lightbulb\lib\freetype\src\type1\t1load.c(1931,40): warning C4244: '=': conversion from '__int64' to 'FT_Int', possible loss of data (compiling source file ..\..\..\src\type1\type1.c)
C:\Users\Sam\source\repos\Light\Lightbulb\lib\freetype\src\smooth\ftgrays.c(1704,26): warning C4267: '+=': conversion from 'size_t' to 'TCoord', possible loss of data (compiling source file ..\..\..\src\smooth\smooth.c)
C:\Users\Sam\source\repos\Light\Lightbulb\lib\freetype\src\sfnt\sfwoff2.c(153,41): warning C4244: '=': conversion from 'const FT_Int' to 'FT_UShort', possible loss of data (compiling source file ..\..\..\src\sfnt\sfnt.c)
C:\Users\Sam\source\repos\Light\Lightbulb\lib\freetype\src\sfnt\sfwoff2.c(160,45): warning C4244: '=': conversion from 'int' to 'FT_UShort', possible loss of data (compiling source file ..\..\..\src\sfnt\sfnt.c)
C:\Users\Sam\source\repos\Light\Lightbulb\lib\freetype\src\sfnt\sfwoff2.c(317,37): warning C4100: 'src_size': unreferenced formal parameter (compiling source file ..\..\..\src\sfnt\sfnt.c)
C:\Users\Sam\source\repos\Light\Lightbulb\lib\freetype\src\sfnt\sfwoff2.c(316,37): warning C4100: 'src': unreferenced formal parameter (compiling source file ..\..\..\src\sfnt\sfnt.c)
C:\Users\Sam\source\repos\Light\Lightbulb\lib\freetype\src\sfnt\sfwoff2.c(315,37): warning C4100: 'dst_size': unreferenced formal parameter (compiling source file ..\..\..\src\sfnt\sfnt.c)
C:\Users\Sam\source\repos\Light\Lightbulb\lib\freetype\src\sfnt\sfwoff2.c(314,37): warning C4100: 'dst': unreferenced formal parameter (compiling source file ..\..\..\src\sfnt\sfnt.c)
C:\Users\Sam\source\repos\Light\Lightbulb\lib\freetype\src\sfnt\sfwoff2.c(594,44): warning C4244: '=': conversion from 'FT_Int' to 'FT_Byte', possible loss of data (compiling source file ..\..\..\src\sfnt\sfnt.c)
C:\Users\Sam\source\repos\Light\Lightbulb\lib\freetype\src\sfnt\sfwoff2.c(599,34): warning C4244: '=': conversion from 'FT_Int' to 'FT_Byte', possible loss of data (compiling source file ..\..\..\src\sfnt\sfnt.c)
C:\Users\Sam\source\repos\Light\Lightbulb\lib\freetype\src\sfnt\sfwoff2.c(613,40): warning C4244: '=': conversion from 'FT_Int' to 'FT_Byte', possible loss of data (compiling source file ..\..\..\src\sfnt\sfnt.c)
C:\Users\Sam\source\repos\Light\Lightbulb\lib\freetype\src\sfnt\sfwoff2.c(636,39): warning C4244: '=': conversion from 'FT_Int' to 'FT_Byte', possible loss of data (compiling source file ..\..\..\src\sfnt\sfnt.c)
C:\Users\Sam\source\repos\Light\Lightbulb\lib\freetype\src\sfnt\sfwoff2.c(640,9): warning C4244: '=': conversion from 'FT_Int' to 'FT_Byte', possible loss of data (compiling source file ..\..\..\src\sfnt\sfnt.c)
C:\Users\Sam\source\repos\Light\Lightbulb\lib\freetype\src\sfnt\sfwoff2.c(649,39): warning C4244: '=': conversion from 'FT_Int' to 'FT_Byte', possible loss of data (compiling source file ..\..\..\src\sfnt\sfnt.c)
C:\Users\Sam\source\repos\Light\Lightbulb\lib\freetype\src\sfnt\sfwoff2.c(653,9): warning C4244: '=': conversion from 'FT_Int' to 'FT_Byte', possible loss of data (compiling source file ..\..\..\src\sfnt\sfnt.c)
C:\Users\Sam\source\repos\Light\Lightbulb\lib\freetype\src\sfnt\sfwoff2.c(706,5): warning C4244: '=': conversion from 'FT_Int' to 'FT_Byte', possible loss of data (compiling source file ..\..\..\src\sfnt\sfnt.c)
C:\Users\Sam\source\repos\Light\Lightbulb\lib\freetype\src\sfnt\sfwoff2.c(707,5): warning C4244: '=': conversion from 'FT_Int' to 'FT_Byte', possible loss of data (compiling source file ..\..\..\src\sfnt\sfnt.c)
C:\Users\Sam\source\repos\Light\Lightbulb\lib\freetype\src\sfnt\sfwoff2.c(708,5): warning C4244: '=': conversion from 'FT_Int' to 'FT_Byte', possible loss of data (compiling source file ..\..\..\src\sfnt\sfnt.c)
C:\Users\Sam\source\repos\Light\Lightbulb\lib\freetype\src\sfnt\sfwoff2.c(709,5): warning C4244: '=': conversion from 'FT_Int' to 'FT_Byte', possible loss of data (compiling source file ..\..\..\src\sfnt\sfnt.c)
C:\Users\Sam\source\repos\Light\Lightbulb\lib\freetype\src\sfnt\sfwoff2.c(1150,11): warning C4244: '=': conversion from 'FT_Int' to 'FT_Byte', possible loss of data (compiling source file ..\..\..\src\sfnt\sfnt.c)
C:\Users\Sam\source\repos\Light\Lightbulb\lib\freetype\src\sfnt\sfwoff2.c(1459,9): warning C4244: '=': conversion from 'int' to 'FT_Byte', possible loss of data (compiling source file ..\..\..\src\sfnt\sfnt.c)
C:\Users\Sam\source\repos\Light\Lightbulb\lib\freetype\src\sfnt\sfwoff2.c(1463,7): warning C4244: '=': conversion from 'int' to 'FT_Byte', possible loss of data (compiling source file ..\..\..\src\sfnt\sfnt.c)
C:\Users\Sam\source\repos\Light\Lightbulb\lib\freetype\src\truetype\ttgload.c(1892,42): warning C4312: 'type cast': conversion from 'unsigned long' to 'void *' of greater size (compiling source file ..\..\..\src\truetype\truetype.c)
  winfnt.c
C:\Users\Sam\source\repos\Light\Lightbulb\lib\freetype\src\smooth\ftgrays.c(534): warning C4706: assignment within conditional expression
C:\Users\Sam\source\repos\Light\Lightbulb\lib\freetype\src\sfnt\ttcolr.c(127,50): warning C4018: '>': signed/unsigned mismatch (compiling source file ..\..\..\src\sfnt\sfnt.c)
C:\Users\Sam\source\repos\Light\Lightbulb\lib\freetype\src\sfnt\ttcolr.c(136,40): warning C4018: '>': signed/unsigned mismatch (compiling source file ..\..\..\src\sfnt\sfnt.c)
C:\Users\Sam\source\repos\Light\Lightbulb\lib\freetype\src\sfnt\ttcpal.c(121,40): warning C4018: '>': signed/unsigned mismatch (compiling source file ..\..\..\src\sfnt\sfnt.c)
C:\Users\Sam\source\repos\Light\Lightbulb\lib\freetype\src\sfnt\ttcpal.c(153,50): warning C4018: '>': signed/unsigned mismatch (compiling source file ..\..\..\src\sfnt\sfnt.c)
C:\Users\Sam\source\repos\Light\Lightbulb\lib\freetype\src\sfnt\ttcpal.c(174,50): warning C4018: '>': signed/unsigned mismatch (compiling source file ..\..\..\src\sfnt\sfnt.c)
C:\Users\Sam\source\repos\Light\Lightbulb\lib\freetype\src\sfnt\ttcpal.c(195,57): warning C4018: '>': signed/unsigned mismatch (compiling source file ..\..\..\src\sfnt\sfnt.c)
C:\Users\Sam\source\repos\Light\Lightbulb\lib\freetype\src\type42\t42parse.c(832,66): warning C4244: '=': conversion from '__int64' to 'FT_Int', possible loss of data (compiling source file ..\..\..\src\type42\type42.c)
C:\Users\Sam\source\repos\Light\Lightbulb\lib\freetype\src\truetype\ttgxvar.c(2237): warning C4701: potentially uninitialized local variable 'fvar_head' used
cl : command line warning D9002: ignoring unknown option '/arch:SSE2'
  ftdebug.c
  freetype.vcxproj -> C:\Users\Sam\source\repos\Light\Lightbulb\lib\freetype\builds\windows\vc2010\..\..\..\objs\x64\Release Static\freetype.lib
